2024-01-15 08:30:15 INFO Starting application server
2024-01-15 08:30:16 DEBUG Database connection pool initialized
2024-01-15 08:30:17 INFO Application ready to accept connections
2024-01-15 09:15:23 WARN High memory usage detected: 85%
2024-01-15 09:15:24 ERROR Failed to process request: Connection timeout
2024-01-15 09:15:25 INFO Retrying failed request
2024-01-15 10:22:41 INFO User authentication successful: user123
2024-01-15 10:23:15 ERROR Authentication failed for user: hacker456
2024-01-15 10:23:16 WARN Multiple failed login attempts detected
2024-01-15 11:45:32 INFO Processing payment transaction
2024-01-15 11:45:33 DEBUG Transaction validation successful
2024-01-15 11:45:34 INFO Payment processed successfully
2024-01-15 12:30:22 ERROR Database connection lost
2024-01-15 12:30:23 WARN Attempting to reconnect to database
2024-01-15 12:30:24 INFO Database connection restored
2024-01-15 14:15:45 INFO Background job completed: data_cleanup
2024-01-15 14:16:10 ERROR Failed to send notification email
2024-01-15 14:16:11 WARN Email service unavailable
2024-01-15 15:30:28 INFO Scheduled maintenance starting
2024-01-15 15:30:29 DEBUG Stopping background services
2024-01-15 15:30:30 INFO Maintenance completed successfully