2024-01-15 08:00:01 INFO [WebServer] Server started on port 8080
2024-01-15 08:00:02 INFO [Database] Connected to database server
2024-01-15 08:00:15 INFO [Auth] User login: admin@company.com
2024-01-15 08:01:23 INFO [API] GET /api/users - 200 OK
2024-01-15 08:01:45 INFO [API] POST /api/orders - 201 Created
2024-01-15 08:02:11 WARN [Cache] Cache miss for key: user_preferences_123
2024-01-15 08:02:34 INFO [API] GET /api/products - 200 OK
2024-01-15 08:03:12 ERROR [Database] Connection timeout after 30s
2024-01-15 08:03:13 WARN [Database] Retrying connection attempt 1/3
2024-01-15 08:03:15 INFO [Database] Connection restored
2024-01-15 08:03:45 INFO [API] POST /api/payment - 200 OK
2024-01-15 08:04:22 INFO [Auth] User login: user1@company.com
2024-01-15 08:04:33 INFO [API] GET /api/dashboard - 200 OK
2024-01-15 08:05:11 WARN [Security] Failed login attempt for: hacker@malicious.com
2024-01-15 08:05:44 INFO [API] DELETE /api/orders/123 - 200 OK
2024-01-15 08:06:15 ERROR [Payment] Credit card declined: xxxx-1234
2024-01-15 08:06:33 INFO [API] GET /api/reports - 200 OK
2024-01-15 08:07:22 INFO [Cache] Cache updated for key: product_catalog
2024-01-15 08:07:45 WARN [Memory] High memory usage: 85%
2024-01-15 08:08:11 INFO [Auth] User logout: admin@company.com
2024-01-15 08:08:33 ERROR [Database] Query failed: SELECT * FROM invalid_table
2024-01-15 08:08:34 WARN [Database] Retrying query with fallback
2024-01-15 08:08:55 INFO [API] PUT /api/users/456 - 200 OK
2024-01-15 08:09:12 WARN [Security] Multiple failed login attempts from IP: 192.168.1.100
2024-01-15 08:09:34 INFO [API] GET /api/notifications - 200 OK
2024-01-15 08:10:11 ERROR [Network] Connection refused to external service
2024-01-15 08:10:23 INFO [Backup] Scheduled backup started
2024-01-15 08:10:45 INFO [API] POST /api/comments - 201 Created
2024-01-15 08:11:22 WARN [Disk] Low disk space: 15% remaining
2024-01-15 08:11:44 INFO [Auth] User login: manager@company.com
2024-01-15 08:12:11 ERROR [Email] SMTP server unreachable
2024-01-15 08:12:33 INFO [API] GET /api/analytics - 200 OK
2024-01-15 08:13:15 WARN [Security] Suspicious activity detected from IP: 10.0.0.50
2024-01-15 08:13:44 INFO [Cache] Cache cleared for expired entries
2024-01-15 08:14:22 ERROR [Database] Deadlock detected in transaction
2024-01-15 08:14:23 WARN [Database] Rolling back transaction
2024-01-15 08:14:55 INFO [API] PATCH /api/settings - 200 OK
2024-01-15 08:15:11 INFO [Monitoring] Health check passed
2024-01-15 08:15:33 WARN [Rate Limit] API rate limit exceeded for client: app_mobile
2024-01-15 08:16:12 ERROR [File System] Unable to write to log directory
2024-01-15 08:16:34 INFO [API] GET /api/search?q=products - 200 OK
2024-01-15 08:17:15 WARN [Memory] Garbage collection triggered
2024-01-15 08:17:44 INFO [Auth] Password reset requested for: user2@company.com
2024-01-15 08:18:11 ERROR [Validation] Invalid JSON payload in request
2024-01-15 08:18:33 INFO [API] POST /api/feedback - 201 Created
2024-01-15 08:19:22 WARN [SSL] Certificate expires in 30 days
2024-01-15 08:19:45 INFO [Backup] Backup completed successfully
2024-01-15 08:20:11 ERROR [Cache] Redis connection lost
2024-01-15 08:20:12 WARN [Cache] Falling back to in-memory cache
2024-01-15 08:20:44 INFO [API] GET /api/health - 200 OK
2024-01-15 08:21:23 WARN [Security] Brute force attack detected
2024-01-15 08:21:45 ERROR [Database] Connection pool exhausted
2024-01-15 08:22:11 INFO [Load Balancer] Server node added: web-03
2024-01-15 08:22:33 WARN [Performance] Slow query detected: 2.5s
2024-01-15 08:23:15 INFO [API] DELETE /api/cache - 200 OK
2024-01-15 08:23:44 ERROR [Authentication] JWT token expired
2024-01-15 08:24:22 INFO [Metrics] Daily report generated
2024-01-15 08:24:55 WARN [Network] High latency detected: 500ms
2024-01-15 08:25:11 INFO [Auth] User login: analyst@company.com
2024-01-15 08:25:33 ERROR [Database] Primary database unreachable
2024-01-15 08:25:34 WARN [Database] Switching to secondary database
2024-01-15 08:26:12 INFO [API] POST /api/export - 202 Accepted
2024-01-15 08:26:44 WARN [Queue] Message queue backlog: 1000 items
2024-01-15 08:27:15 ERROR [Integration] Third-party API timeout
2024-01-15 08:27:33 INFO [Scheduler] Cron job executed: data_cleanup
2024-01-15 08:28:11 WARN [Security] Unusual traffic pattern detected
2024-01-15 08:28:44 INFO [API] PUT /api/configuration - 200 OK
2024-01-15 08:29:22 ERROR [File System] Disk write error on /var/log
2024-01-15 08:29:55 INFO [Monitoring] Alert resolved: high_cpu_usage
2024-01-15 08:30:11 WARN [Memory] Memory leak suspected in module: user_session
2024-01-15 08:30:33 INFO [Auth] User logout: manager@company.com
2024-01-15 08:31:15 ERROR [Network] DNS resolution failed for api.external.com
2024-01-15 08:31:44 INFO [Cache] Cache warming completed
2024-01-15 08:32:22 WARN [Performance] Database response time: 1.8s
2024-01-15 08:32:55 INFO [API] GET /api/statistics - 200 OK
2024-01-15 08:33:11 ERROR [Validation] Schema validation failed
2024-01-15 08:33:33 WARN [Rate Limit] Throttling requests from IP: 203.0.113.1
2024-01-15 08:34:15 INFO [Deployment] New version deployed: v2.1.3
2024-01-15 08:34:44 ERROR [Migration] Database migration failed at step 5
2024-01-15 08:35:22 INFO [API] POST /api/webhooks - 201 Created
2024-01-15 08:35:55 WARN [Security] Privilege escalation attempt detected
2024-01-15 08:36:11 ERROR [Session] Session store unavailable
2024-01-15 08:36:33 INFO [Load Balancer] Traffic redistributed
2024-01-15 08:37:15 WARN [Capacity] Resource usage at 90%
2024-01-15 08:37:44 INFO [API] PATCH /api/profiles - 200 OK
2024-01-15 08:38:22 ERROR [Encryption] Key rotation failed
2024-01-15 08:38:55 INFO [Monitoring] System metrics collected
2024-01-15 08:39:11 WARN [Storage] Storage quota exceeded for tenant: acme_corp
2024-01-15 08:39:33 ERROR [Message Queue] Dead letter queue overflow
2024-01-15 08:40:15 INFO [API] GET /api/logs - 200 OK
2024-01-15 08:40:44 WARN [Compliance] Audit trail gap detected
2024-01-15 08:41:22 ERROR [Replication] Database sync failed
2024-01-15 08:41:55 INFO [Cache] Cache hit ratio: 85%
2024-01-15 08:42:11 WARN [Security] Anomalous user behavior: admin@company.com
2024-01-15 08:42:33 ERROR [API Gateway] Upstream service unavailable
2024-01-15 08:43:15 INFO [Scheduler] Background task completed: email_digest
2024-01-15 08:43:44 WARN [Network] Packet loss detected: 5%
2024-01-15 08:44:22 ERROR [Authorization] Permission denied for resource
2024-01-15 08:44:55 INFO [API] DELETE /api/sessions/expired - 200 OK
2024-01-15 08:45:11 WARN [Performance] Thread pool near capacity
2024-01-15 08:45:33 ERROR [Database] Index corruption detected
2024-01-15 08:46:15 INFO [Backup] Incremental backup started
2024-01-15 08:46:44 WARN [Memory] Out of memory warning threshold reached
2024-01-15 08:47:22 ERROR [SSL] Handshake failed with client
2024-01-15 08:47:55 INFO [API] POST /api/audit - 201 Created
2024-01-15 08:48:11 WARN [Security] Multiple password reset attempts
2024-01-15 08:48:33 ERROR [Configuration] Invalid configuration parameter
2024-01-15 08:49:15 INFO [Load Balancer] Health check passed for all nodes
2024-01-15 08:49:44 WARN [Disk] I/O wait time increased: 15ms
2024-01-15 08:50:22 ERROR [Network] Connection timeout to payment gateway
2024-01-15 08:50:55 INFO [Monitoring] Alert triggered: disk_space_low
2024-01-15 08:51:11 WARN [Cache] Cache eviction policy activated
2024-01-15 08:51:33 ERROR [Database] Transaction log full
2024-01-15 08:52:15 INFO [API] GET /api/metrics/performance - 200 OK
2024-01-15 08:52:44 WARN [Security] Scan attempt from unknown IP
2024-01-15 08:53:22 ERROR [Email] Message delivery failed
2024-01-15 08:53:55 INFO [Scheduler] Daily maintenance completed
2024-01-15 08:54:11 WARN [Rate Limit] Burst limit exceeded
2024-01-15 08:54:33 ERROR [Validation] Data integrity check failed
2024-01-15 08:55:15 INFO [API] PUT /api/preferences - 200 OK
2024-01-15 08:55:44 WARN [Performance] CPU usage spike: 95%
2024-01-15 08:56:22 ERROR [File System] Permission denied on backup directory
2024-01-15 08:56:55 INFO [Cache] Background refresh completed
2024-01-15 08:57:11 WARN [Security] Failed API key validation
2024-01-15 08:57:33 ERROR [Database] Connection string malformed
2024-01-15 08:58:15 INFO [Load Balancer] Server maintenance mode enabled
2024-01-15 08:58:44 WARN [Memory] Heap size approaching limit
2024-01-15 08:59:22 ERROR [Integration] Webhook delivery failed
2024-01-15 08:59:55 INFO [API] POST /api/reports/generate - 202 Accepted
2024-01-15 09:00:01 INFO [System] Hourly health check completed